  Skeleton.cpp
Skeleton.cpp(47): warning C4305: 'argument': truncation from 'double' to 'float'
Skeleton.cpp(212): warning C4305: 'initializing': truncation from 'double' to 'const float'
Skeleton.cpp(213): warning C4305: 'initializing': truncation from 'double' to 'const float'
Skeleton.cpp(216): warning C4305: 'initializing': truncation from 'double' to 'const float'
Skeleton.cpp(271): warning C4244: 'argument': conversion from 'double' to 'float', possible loss of data
Skeleton.cpp(278): warning C4244: 'argument': conversion from 'double' to 'float', possible loss of data
Skeleton.cpp(278): warning C4244: 'initializing': conversion from 'double' to 'float', possible loss of data
Skeleton.cpp(296): warning C4018: '<': signed/unsigned mismatch
Skeleton.cpp(333): warning C4244: 'initializing': conversion from 'double' to 'float', possible loss of data
Skeleton.cpp(335): warning C4244: 'initializing': conversion from 'double' to 'float', possible loss of data
Skeleton.cpp(338): warning C4244: 'initializing': conversion from 'double' to 'float', possible loss of data
Skeleton.cpp(339): warning C4244: 'initializing': conversion from 'double' to 'float', possible loss of data
Skeleton.cpp(357): warning C4244: 'argument': conversion from 'double' to 'float', possible loss of data
Skeleton.cpp(358): warning C4244: 'argument': conversion from 'double' to 'float', possible loss of data
Skeleton.cpp(361): warning C4244: 'argument': conversion from 'double' to 'float', possible loss of data
Skeleton.cpp(392): warning C4244: 'argument': conversion from 'double' to 'float', possible loss of data
Skeleton.cpp(392): warning C4305: 'argument': truncation from 'double' to 'float'
Skeleton.cpp(409): warning C4305: 'initializing': truncation from 'double' to 'float'
Skeleton.cpp(413): warning C4305: 'argument': truncation from 'double' to 'float'
Skeleton.cpp(420): warning C4305: 'argument': truncation from 'double' to 'float'
Skeleton.cpp(427): warning C4244: 'argument': conversion from 'double' to 'float', possible loss of data
Skeleton.cpp(438): warning C4305: 'argument': truncation from 'double' to 'float'
Skeleton.cpp(439): warning C4305: 'argument': truncation from 'double' to 'float'
Skeleton.cpp(446): warning C4305: 'argument': truncation from 'double' to 'float'
Skeleton.cpp(447): warning C4305: 'argument': truncation from 'double' to 'float'
Skeleton.cpp(453): warning C4305: 'argument': truncation from '__int64' to 'float'
Skeleton.cpp(454): warning C4305: 'argument': truncation from 'double' to 'float'
Skeleton.cpp(455): warning C4305: 'argument': truncation from 'double' to 'float'
Skeleton.cpp(455): warning C4305: 'argument': truncation from '__int64' to 'float'
Skeleton.cpp(528): warning C4018: '<': signed/unsigned mismatch
Skeleton.cpp(534): warning C4244: 'argument': conversion from 'double' to 'float', possible loss of data
  Generating code
  2 of 287 functions ( 0.7%) were compiled, the rest were copied from previous compilation.
    0 functions were new in current compilation
    1 functions had inline decision re-evaluated but remain unchanged
  Finished generating code
  Skeleton.vcxproj -> W:\BME\CG\CG_Homework_2\Programs\Skeleton\bin\Skeleton.exe
  Skeleton.vcxproj -> W:\BME\CG\CG_Homework_2\Programs\Skeleton\bin\Skeleton.pdb (Full PDB)
